11-11-2025 15:16:51|INFO    |230 |main         |JSON data loaded                                                                                            |
11-11-2025 15:16:51|WARNING |218 |sensor_town  |'NoneType' object has no attribute 'percent'                                                                |
11-11-2025 15:16:51|WARNING |243 |main         |Retrieval malfunction.  Check logs                                                                          |
11-11-2025 15:16:51|INFO    |33  |inner        |main ran in 0.020s                                                                                          |
11-11-2025 15:17:23|INFO    |230 |main         |JSON data loaded                                                                                            |
11-11-2025 15:17:23|WARNING |218 |sensor_town  |'NoneType' object has no attribute 'percent'                                                                |
11-11-2025 15:17:23|WARNING |243 |main         |Retrieval malfunction.  Check logs                                                                          |
11-11-2025 15:17:23|INFO    |33  |inner        |main ran in 0.020s                                                                                          |
11-11-2025 15:17:40|INFO    |230 |main         |JSON data loaded                                                                                            |
11-11-2025 15:18:30|INFO    |234 |main         |JSON data loaded                                                                                            |
11-11-2025 15:18:30|WARNING |222 |sensor_town  |'str' object has no attribute 'percent'                                                                     |
11-11-2025 15:18:30|WARNING |247 |main         |Retrieval malfunction.  Check logs                                                                          |
11-11-2025 15:18:30|INFO    |33  |inner        |main ran in 0.020s                                                                                          |
11-11-2025 15:19:23|INFO    |235 |main         |JSON data loaded                                                                                            |
11-11-2025 15:21:47|INFO    |234 |main         |JSON data loaded                                                                                            |
11-11-2025 15:21:47|WARNING |222 |sensor_town  |'str' object has no attribute 'percent'                                                                     |
11-11-2025 15:21:47|WARNING |247 |main         |Retrieval malfunction.  Check logs                                                                          |
11-11-2025 15:21:47|INFO    |33  |inner        |main ran in 0.020s                                                                                          |
11-11-2025 15:21:57|INFO    |234 |main         |JSON data loaded                                                                                            |
11-11-2025 15:21:57|WARNING |222 |sensor_town  |Unknown format code 'f' for object of type 'str'                                                            |
11-11-2025 15:21:57|WARNING |247 |main         |Retrieval malfunction.  Check logs                                                                          |
11-11-2025 15:21:57|INFO    |33  |inner        |main ran in 0.020s                                                                                          |
11-11-2025 15:22:33|INFO    |231 |main         |JSON data loaded                                                                                            |
11-11-2025 15:22:33|WARNING |219 |sensor_town  |'str' object is not a mapping                                                                               |
11-11-2025 15:22:33|WARNING |244 |main         |Retrieval malfunction.  Check logs                                                                          |
11-11-2025 15:22:33|INFO    |33  |inner        |main ran in 0.020s                                                                                          |
11-11-2025 15:23:08|INFO    |229 |main         |JSON data loaded                                                                                            |
11-11-2025 15:23:08|WARNING |217 |sensor_town  |'str' object is not a mapping                                                                               |
11-11-2025 15:23:08|WARNING |242 |main         |Retrieval malfunction.  Check logs                                                                          |
11-11-2025 15:23:08|INFO    |33  |inner        |main ran in 0.020s                                                                                          |
11-11-2025 15:23:42|INFO    |229 |main         |JSON data loaded                                                                                            |
11-11-2025 15:23:42|WARNING |217 |sensor_town  |'str' object is not a mapping                                                                               |
11-11-2025 15:23:42|WARNING |242 |main         |Retrieval malfunction.  Check logs                                                                          |
11-11-2025 15:23:42|INFO    |33  |inner        |main ran in 0.060s                                                                                          |
11-11-2025 15:23:54|INFO    |229 |main         |JSON data loaded                                                                                            |
11-11-2025 15:24:50|INFO    |232 |main         |JSON data loaded                                                                                            |
11-11-2025 15:24:50|WARNING |220 |sensor_town  |'str' object is not a mapping                                                                               |
11-11-2025 15:24:50|WARNING |245 |main         |Retrieval malfunction.  Check logs                                                                          |
11-11-2025 15:24:50|INFO    |33  |inner        |main ran in 0.020s                                                                                          |
11-11-2025 15:24:56|INFO    |232 |main         |JSON data loaded                                                                                            |
11-11-2025 15:25:27|INFO    |233 |main         |JSON data loaded                                                                                            |
11-11-2025 15:25:29|WARNING |221 |sensor_town  |'str' object is not a mapping                                                                               |
11-11-2025 15:25:29|WARNING |246 |main         |Retrieval malfunction.  Check logs                                                                          |
11-11-2025 15:25:29|INFO    |33  |inner        |main ran in 2.120s                                                                                          |
11-11-2025 15:25:35|INFO    |233 |main         |JSON data loaded                                                                                            |
11-11-2025 15:26:55|INFO    |235 |main         |JSON data loaded                                                                                            |
11-11-2025 15:26:55|WARNING |223 |sensor_town  |'str' object is not a mapping                                                                               |
11-11-2025 15:26:55|WARNING |248 |main         |Retrieval malfunction.  Check logs                                                                          |
11-11-2025 15:26:55|INFO    |33  |inner        |main ran in 0.020s                                                                                          |
11-11-2025 15:27:04|INFO    |236 |main         |JSON data loaded                                                                                            |
11-11-2025 15:27:19|WARNING |224 |sensor_town  |'str' object is not a mapping                                                                               |
11-11-2025 15:27:19|WARNING |249 |main         |Retrieval malfunction.  Check logs                                                                          |
11-11-2025 15:27:19|INFO    |33  |inner        |main ran in 15.050s                                                                                         |
11-11-2025 15:27:24|INFO    |236 |main         |JSON data loaded                                                                                            |
11-11-2025 15:28:26|INFO    |236 |main         |JSON data loaded                                                                                            |
11-11-2025 15:28:31|INFO    |236 |main         |JSON data loaded                                                                                            |
11-11-2025 15:28:31|INFO    |247 |main         |all sensors successfully queried                                                                            |
11-11-2025 15:28:31|INFO    |33  |inner        |main ran in 0.020s                                                                                          |
11-11-2025 15:28:31|INFO    |236 |main         |JSON data loaded                                                                                            |
11-11-2025 15:28:33|INFO    |247 |main         |all sensors successfully queried                                                                            |
11-11-2025 15:28:33|INFO    |33  |inner        |main ran in 1.850s                                                                                          |
11-11-2025 15:40:24|INFO    |214 |main         |JSON data loaded                                                                                            |
11-11-2025 15:40:24|INFO    |225 |main         |all sensors successfully queried                                                                            |
11-11-2025 15:40:24|WARNING |140 |inner        |main ran in 0.02s                                                                                           |
11-11-2025 16:40:09|INFO    |214 |main         |JSON data loaded                                                                                            |
11-11-2025 16:40:09|INFO    |225 |main         |all sensors successfully queried                                                                            |
11-11-2025 16:40:09|WARNING |140 |inner        |main ran in 0.02s                                                                                           |
11-11-2025 16:41:37|INFO    |214 |main         |JSON data loaded                                                                                            |
11-11-2025 16:41:37|INFO    |225 |main         |all sensors successfully queried                                                                            |
11-11-2025 16:41:37|WARNING |139 |inner        |main ran in 0.01s                                                                                           |
11-11-2025 16:53:20|INFO    |214 |main         |JSON data loaded                                                                                            |
11-11-2025 16:53:20|INFO    |225 |main         |all sensors successfully queried                                                                            |
11-11-2025 16:53:20|WARNING |139 |inner        |main ran in 0.02s                                                                                           |
11-11-2025 16:53:59|INFO    |214 |main         |JSON data loaded                                                                                            |
11-11-2025 16:53:59|INFO    |225 |main         |all sensors successfully queried                                                                            |
11-11-2025 16:53:59|WARNING |139 |inner        |main ran in 0.02s                                                                                           |
11-11-2025 16:59:01|INFO    |214 |main         |JSON data loaded                                                                                            |
11-11-2025 16:59:01|INFO    |225 |main         |all sensors successfully queried                                                                            |
11-11-2025 16:59:01|WARNING |139 |inner        |main ran in 0.02s                                                                                           |
11-11-2025 17:00:01|INFO    |214 |main         |JSON data loaded                                                                                            |
11-11-2025 17:00:01|INFO    |225 |main         |all sensors successfully queried                                                                            |
11-11-2025 17:00:01|WARNING |139 |inner        |main ran in 0.02s                                                                                           |
11-11-2025 17:01:02|INFO    |214 |main         |JSON data loaded                                                                                            |
11-11-2025 17:01:02|INFO    |225 |main         |all sensors successfully queried                                                                            |
11-11-2025 17:01:02|WARNING |139 |inner        |main ran in 0.02s                                                                                           |
11-11-2025 17:02:02|INFO    |214 |main         |JSON data loaded                                                                                            |
11-11-2025 17:02:02|INFO    |225 |main         |all sensors successfully queried                                                                            |
11-11-2025 17:02:02|WARNING |139 |inner        |main ran in 0.04s                                                                                           |
11-11-2025 17:03:02|INFO    |214 |main         |JSON data loaded                                                                                            |
11-11-2025 17:03:02|INFO    |225 |main         |all sensors successfully queried                                                                            |
11-11-2025 17:03:02|WARNING |139 |inner        |main ran in 0.02s                                                                                           |
11-11-2025 17:04:01|INFO    |214 |main         |JSON data loaded                                                                                            |
11-11-2025 17:04:01|INFO    |225 |main         |all sensors successfully queried                                                                            |
11-11-2025 17:04:01|WARNING |139 |inner        |main ran in 0.02s                                                                                           |
11-11-2025 17:05:01|INFO    |214 |main         |JSON data loaded                                                                                            |
11-11-2025 17:05:01|INFO    |225 |main         |all sensors successfully queried                                                                            |
11-11-2025 17:05:01|WARNING |140 |inner        |main ran in 0.02s                                                                                           |
11-11-2025 17:06:02|INFO    |214 |main         |JSON data loaded                                                                                            |
11-11-2025 17:06:02|INFO    |225 |main         |all sensors successfully queried                                                                            |
11-11-2025 17:06:02|WARNING |140 |inner        |main ran in 0.02s                                                                                           |
11-11-2025 17:07:02|INFO    |214 |main         |JSON data loaded                                                                                            |
11-11-2025 17:07:02|INFO    |225 |main         |all sensors successfully queried                                                                            |
11-11-2025 17:07:02|WARNING |140 |inner        |main ran in 0.02s                                                                                           |
11-11-2025 17:08:01|INFO    |214 |main         |JSON data loaded                                                                                            |
11-11-2025 17:08:01|INFO    |225 |main         |all sensors successfully queried                                                                            |
11-11-2025 17:08:01|WARNING |140 |inner        |main ran in 0.02s                                                                                           |
11-11-2025 17:09:02|INFO    |214 |main         |JSON data loaded                                                                                            |
11-11-2025 17:09:02|INFO    |225 |main         |all sensors successfully queried                                                                            |
11-11-2025 17:09:02|WARNING |140 |inner        |main ran in 0.02s                                                                                           |
11-11-2025 17:10:02|INFO    |214 |main         |JSON data loaded                                                                                            |
11-11-2025 17:10:02|INFO    |225 |main         |all sensors successfully queried                                                                            |
11-11-2025 17:10:02|WARNING |140 |inner        |main ran in 0.02s                                                                                           |
11-11-2025 17:11:01|INFO    |214 |main         |JSON data loaded                                                                                            |
11-11-2025 17:11:01|INFO    |225 |main         |all sensors successfully queried                                                                            |
11-11-2025 17:11:01|WARNING |140 |inner        |main ran in 0.02s                                                                                           |
11-11-2025 17:11:49|INFO    |214 |main         |JSON data loaded                                                                                            |
11-11-2025 17:11:49|INFO    |225 |main         |all sensors successfully queried                                                                            |
11-11-2025 17:11:49|WARNING |140 |inner        |main ran in 0.02s                                                                                           |
11-11-2025 17:12:01|INFO    |214 |main         |JSON data loaded                                                                                            |
11-11-2025 17:12:01|INFO    |225 |main         |all sensors successfully queried                                                                            |
11-11-2025 17:12:01|WARNING |140 |inner        |main ran in 0.02s                                                                                           |
11-11-2025 17:12:21|INFO    |214 |main         |JSON data loaded                                                                                            |
11-11-2025 17:12:21|INFO    |225 |main         |all sensors successfully queried                                                                            |
11-11-2025 17:12:21|WARNING |140 |inner        |main ran in 0.02s                                                                                           |
11-11-2025 17:13:01|INFO    |214 |main         |JSON data loaded                                                                                            |
11-11-2025 17:13:01|INFO    |225 |main         |all sensors successfully queried                                                                            |
11-11-2025 17:13:01|WARNING |140 |inner        |main ran in 0.02s                                                                                           |
11-11-2025 17:13:02|INFO    |214 |main         |JSON data loaded                                                                                            |
11-11-2025 17:13:02|INFO    |225 |main         |all sensors successfully queried                                                                            |
11-11-2025 17:13:02|WARNING |140 |inner        |main ran in 0.02s                                                                                           |
11-11-2025 17:13:35|INFO    |214 |main         |JSON data loaded                                                                                            |
11-11-2025 17:13:35|INFO    |225 |main         |all sensors successfully queried                                                                            |
11-11-2025 17:13:35|WARNING |140 |inner        |main ran in 0.01s                                                                                           |
11-11-2025 17:14:02|INFO    |214 |main         |JSON data loaded                                                                                            |
11-11-2025 17:14:02|INFO    |225 |main         |all sensors successfully queried                                                                            |
11-11-2025 17:14:02|WARNING |140 |inner        |main ran in 0.01s                                                                                           |
11-11-2025 17:15:01|INFO    |214 |main         |JSON data loaded                                                                                            |
11-11-2025 17:15:01|INFO    |225 |main         |all sensors successfully queried                                                                            |
11-11-2025 17:15:01|WARNING |140 |inner        |main ran in 0.01s                                                                                           |
11-11-2025 17:16:02|INFO    |214 |main         |JSON data loaded                                                                                            |
11-11-2025 17:16:02|INFO    |225 |main         |all sensors successfully queried                                                                            |
11-11-2025 17:16:02|WARNING |140 |inner        |main ran in 0.01s                                                                                           |
11-11-2025 17:17:02|INFO    |214 |main         |JSON data loaded                                                                                            |
11-11-2025 17:17:02|INFO    |225 |main         |all sensors successfully queried                                                                            |
11-11-2025 17:17:02|WARNING |140 |inner        |main ran in 0.01s                                                                                           |
11-11-2025 17:18:01|INFO    |214 |main         |JSON data loaded                                                                                            |
11-11-2025 17:18:01|INFO    |225 |main         |all sensors successfully queried                                                                            |
11-11-2025 17:18:01|WARNING |140 |inner        |main ran in 0.01s                                                                                           |
11-11-2025 17:19:02|INFO    |214 |main         |JSON data loaded                                                                                            |
11-11-2025 17:19:02|INFO    |225 |main         |all sensors successfully queried                                                                            |
11-11-2025 17:19:02|WARNING |140 |inner        |main ran in 0.01s                                                                                           |
11-11-2025 17:20:02|INFO    |214 |main         |JSON data loaded                                                                                            |
11-11-2025 17:20:02|INFO    |225 |main         |all sensors successfully queried                                                                            |
11-11-2025 17:20:02|WARNING |140 |inner        |main ran in 0.01s                                                                                           |
11-11-2025 17:21:01|INFO    |214 |main         |JSON data loaded                                                                                            |
11-11-2025 17:21:01|INFO    |225 |main         |all sensors successfully queried                                                                            |
11-11-2025 17:21:01|WARNING |140 |inner        |main ran in 0.01s                                                                                           |
11-11-2025 17:22:02|INFO    |214 |main         |JSON data loaded                                                                                            |
11-11-2025 17:22:02|INFO    |225 |main         |all sensors successfully queried                                                                            |
11-11-2025 17:22:02|WARNING |140 |inner        |main ran in 0.01s                                                                                           |
11-11-2025 17:22:36|INFO    |214 |main         |JSON data loaded                                                                                            |
11-11-2025 17:22:36|INFO    |225 |main         |all sensors successfully queried                                                                            |
11-11-2025 17:22:36|WARNING |140 |inner        |main ran in 0.01s                                                                                           |
11-11-2025 17:23:02|INFO    |214 |main         |JSON data loaded                                                                                            |
11-11-2025 17:23:02|INFO    |225 |main         |all sensors successfully queried                                                                            |
11-11-2025 17:23:02|WARNING |140 |inner        |main ran in 0.01s                                                                                           |
11-11-2025 17:23:03|INFO    |214 |main         |JSON data loaded                                                                                            |
11-11-2025 17:23:03|INFO    |225 |main         |all sensors successfully queried                                                                            |
11-11-2025 17:23:03|WARNING |140 |inner        |main ran in 0.01s                                                                                           |
11-11-2025 17:23:52|INFO    |214 |main         |JSON data loaded                                                                                            |
11-11-2025 17:23:52|INFO    |225 |main         |all sensors successfully queried                                                                            |
11-11-2025 17:23:52|WARNING |140 |inner        |main ran in 0.01s                                                                                           |
11-11-2025 17:24:01|INFO    |214 |main         |JSON data loaded                                                                                            |
11-11-2025 17:24:01|INFO    |225 |main         |all sensors successfully queried                                                                            |
11-11-2025 17:24:01|WARNING |140 |inner        |main ran in 0.01s                                                                                           |
11-11-2025 17:24:24|INFO    |214 |main         |JSON data loaded                                                                                            |
11-11-2025 17:24:25|INFO    |225 |main         |all sensors successfully queried                                                                            |
11-11-2025 17:24:25|WARNING |140 |inner        |main ran in 0.01s                                                                                           |
11-11-2025 17:25:01|INFO    |214 |main         |JSON data loaded                                                                                            |
11-11-2025 17:25:01|INFO    |225 |main         |all sensors successfully queried                                                                            |
11-11-2025 17:25:01|WARNING |140 |inner        |main ran in 0.01s                                                                                           |
11-11-2025 18:11:39|INFO    |214 |main         |JSON data loaded                                                                                            |
11-11-2025 18:11:39|INFO    |225 |main         |all sensors successfully queried                                                                            |
11-11-2025 18:11:39|WARNING |140 |inner        |main ran in 0.01s                                                                                           |
11-11-2025 18:12:24|INFO    |214 |main         |JSON data loaded                                                                                            |
11-11-2025 18:12:24|INFO    |225 |main         |all sensors successfully queried                                                                            |
11-11-2025 18:12:24|WARNING |140 |inner        |main ran in 0.02s                                                                                           |
11-11-2025 19:46:33|INFO    |214 |main         |JSON data loaded                                                                                            |
11-11-2025 19:46:33|INFO    |225 |main         |all sensors successfully queried                                                                            |
11-11-2025 19:46:33|WARNING |140 |inner        |main ran in 0.02s                                                                                           |
11-11-2025 19:51:29|INFO    |214 |main         |JSON data loaded                                                                                            |
11-11-2025 19:51:29|INFO    |225 |main         |all sensors successfully queried                                                                            |
11-11-2025 19:51:29|WARNING |140 |inner        |main ran in 0.02s                                                                                           |
11-11-2025 19:57:02|INFO    |214 |main         |JSON data loaded                                                                                            |
11-11-2025 19:57:02|INFO    |225 |main         |all sensors successfully queried                                                                            |
11-11-2025 19:57:02|WARNING |140 |inner        |main ran in 0.02s                                                                                           |
11-11-2025 19:58:02|INFO    |214 |main         |JSON data loaded                                                                                            |
11-11-2025 19:58:02|INFO    |225 |main         |all sensors successfully queried                                                                            |
11-11-2025 19:58:02|WARNING |140 |inner        |main ran in 0.02s                                                                                           |
11-11-2025 19:59:01|INFO    |214 |main         |JSON data loaded                                                                                            |
11-11-2025 19:59:01|INFO    |225 |main         |all sensors successfully queried                                                                            |
11-11-2025 19:59:01|WARNING |140 |inner        |main ran in 0.02s                                                                                           |
11-11-2025 20:00:02|INFO    |214 |main         |JSON data loaded                                                                                            |
11-11-2025 20:00:02|INFO    |225 |main         |all sensors successfully queried                                                                            |
11-11-2025 20:00:02|WARNING |140 |inner        |main ran in 0.02s                                                                                           |
11-11-2025 20:01:02|INFO    |214 |main         |JSON data loaded                                                                                            |
11-11-2025 20:01:02|INFO    |225 |main         |all sensors successfully queried                                                                            |
11-11-2025 20:01:02|WARNING |140 |inner        |main ran in 0.02s                                                                                           |
11-11-2025 20:02:01|INFO    |214 |main         |JSON data loaded                                                                                            |
11-11-2025 20:02:01|INFO    |225 |main         |all sensors successfully queried                                                                            |
11-11-2025 20:02:01|WARNING |140 |inner        |main ran in 0.02s                                                                                           |
11-11-2025 20:03:01|INFO    |214 |main         |JSON data loaded                                                                                            |
11-11-2025 20:03:01|INFO    |225 |main         |all sensors successfully queried                                                                            |
11-11-2025 20:03:01|WARNING |140 |inner        |main ran in 0.02s                                                                                           |
11-11-2025 20:04:02|INFO    |214 |main         |JSON data loaded                                                                                            |
11-11-2025 20:04:02|INFO    |225 |main         |all sensors successfully queried                                                                            |
11-11-2025 20:04:02|WARNING |140 |inner        |main ran in 0.02s                                                                                           |
11-11-2025 20:05:02|INFO    |214 |main         |JSON data loaded                                                                                            |
11-11-2025 20:05:02|INFO    |225 |main         |all sensors successfully queried                                                                            |
11-11-2025 20:05:02|WARNING |140 |inner        |main ran in 0.02s                                                                                           |
11-11-2025 20:06:01|INFO    |214 |main         |JSON data loaded                                                                                            |
11-11-2025 20:06:01|INFO    |225 |main         |all sensors successfully queried                                                                            |
11-11-2025 20:06:01|WARNING |140 |inner        |main ran in 0.02s                                                                                           |
11-11-2025 20:06:58|INFO    |214 |main         |JSON data loaded                                                                                            |
11-11-2025 20:06:58|INFO    |225 |main         |all sensors successfully queried                                                                            |
11-11-2025 20:06:58|WARNING |140 |inner        |main ran in 0.02s                                                                                           |
11-11-2025 20:07:02|INFO    |214 |main         |JSON data loaded                                                                                            |
11-11-2025 20:07:02|INFO    |225 |main         |all sensors successfully queried                                                                            |
11-11-2025 20:07:02|WARNING |140 |inner        |main ran in 0.02s                                                                                           |
11-11-2025 20:08:02|INFO    |214 |main         |JSON data loaded                                                                                            |
11-11-2025 20:08:02|INFO    |225 |main         |all sensors successfully queried                                                                            |
11-11-2025 20:08:02|WARNING |140 |inner        |main ran in 0.02s                                                                                           |
11-11-2025 20:09:01|INFO    |214 |main         |JSON data loaded                                                                                            |
11-11-2025 20:09:01|INFO    |225 |main         |all sensors successfully queried                                                                            |
11-11-2025 20:09:01|WARNING |140 |inner        |main ran in 0.02s                                                                                           |
11-11-2025 20:10:02|INFO    |214 |main         |JSON data loaded                                                                                            |
11-11-2025 20:10:02|INFO    |225 |main         |all sensors successfully queried                                                                            |
11-11-2025 20:10:02|WARNING |140 |inner        |main ran in 0.02s                                                                                           |
11-11-2025 20:11:02|INFO    |214 |main         |JSON data loaded                                                                                            |
11-11-2025 20:11:02|INFO    |225 |main         |all sensors successfully queried                                                                            |
11-11-2025 20:11:02|WARNING |140 |inner        |main ran in 0.02s                                                                                           |
11-11-2025 20:12:01|INFO    |214 |main         |JSON data loaded                                                                                            |
11-11-2025 20:12:01|INFO    |225 |main         |all sensors successfully queried                                                                            |
11-11-2025 20:12:01|WARNING |140 |inner        |main ran in 0.02s                                                                                           |
11-11-2025 20:13:01|INFO    |214 |main         |JSON data loaded                                                                                            |
11-11-2025 20:13:01|INFO    |225 |main         |all sensors successfully queried                                                                            |
11-11-2025 20:13:01|WARNING |140 |inner        |main ran in 0.02s                                                                                           |
11-11-2025 20:14:02|INFO    |214 |main         |JSON data loaded                                                                                            |
11-11-2025 20:14:02|INFO    |225 |main         |all sensors successfully queried                                                                            |
11-11-2025 20:14:02|WARNING |140 |inner        |main ran in 0.02s                                                                                           |
11-11-2025 20:14:06|INFO    |214 |main         |JSON data loaded                                                                                            |
11-11-2025 20:14:06|INFO    |225 |main         |all sensors successfully queried                                                                            |
11-11-2025 20:14:06|WARNING |140 |inner        |main ran in 0.02s                                                                                           |
11-11-2025 20:15:01|INFO    |214 |main         |JSON data loaded                                                                                            |
11-11-2025 20:15:01|INFO    |225 |main         |all sensors successfully queried                                                                            |
11-11-2025 20:15:01|WARNING |140 |inner        |main ran in 0.01s                                                                                           |
11-11-2025 20:15:06|INFO    |214 |main         |JSON data loaded                                                                                            |
11-11-2025 20:15:06|INFO    |225 |main         |all sensors successfully queried                                                                            |
11-11-2025 20:15:06|WARNING |140 |inner        |main ran in 0.01s                                                                                           |
11-11-2025 20:36:16|INFO    |210 |main         |JSON data loaded                                                                                            |
11-11-2025 20:36:16|INFO    |221 |main         |all sensors successfully queried                                                                            |
11-11-2025 20:36:16|WARNING |140 |inner        |main ran in 0.01s                                                                                           |
11-11-2025 23:05:18|INFO    |210 |main         |JSON data loaded                                                                                            |
11-11-2025 23:05:18|INFO    |221 |main         |all sensors successfully queried                                                                            |
11-11-2025 23:05:18|WARNING |140 |inner        |main ran in 0.02s                                                                                           |
11-11-2025 23:05:49|INFO    |210 |main         |JSON data loaded                                                                                            |
11-11-2025 23:05:49|INFO    |221 |main         |all sensors successfully queried                                                                            |
11-11-2025 23:05:49|WARNING |140 |inner        |main ran in 0.01s                                                                                           |
11-11-2025 23:12:05|INFO    |212 |main         |JSON data loaded                                                                                            |
11-11-2025 23:12:05|INFO    |223 |main         |all sensors successfully queried                                                                            |
11-11-2025 23:12:05|WARNING |140 |inner        |main ran in 0.01s                                                                                           |
11-11-2025 23:13:07|INFO    |212 |main         |JSON data loaded                                                                                            |
11-11-2025 23:13:07|INFO    |223 |main         |all sensors successfully queried                                                                            |
11-11-2025 23:13:07|WARNING |140 |inner        |main ran in 0.01s                                                                                           |
11-11-2025 23:13:32|INFO    |215 |main         |JSON data loaded                                                                                            |
11-11-2025 23:13:32|INFO    |226 |main         |all sensors successfully queried                                                                            |
11-11-2025 23:13:32|WARNING |140 |inner        |main ran in 0.01s                                                                                           |
11-11-2025 23:13:50|INFO    |215 |main         |JSON data loaded                                                                                            |
11-11-2025 23:13:50|INFO    |226 |main         |all sensors successfully queried                                                                            |
11-11-2025 23:13:51|WARNING |140 |inner        |main ran in 0.02s                                                                                           |
11-11-2025 23:14:28|INFO    |216 |main         |JSON data loaded                                                                                            |
11-11-2025 23:14:28|INFO    |227 |main         |all sensors successfully queried                                                                            |
11-11-2025 23:14:28|WARNING |140 |inner        |main ran in 0.02s                                                                                           |
11-11-2025 23:15:15|INFO    |218 |main         |JSON data loaded                                                                                            |
11-11-2025 23:15:15|INFO    |229 |main         |all sensors successfully queried                                                                            |
11-11-2025 23:15:15|WARNING |140 |inner        |main ran in 0.02s                                                                                           |
11-11-2025 23:16:06|INFO    |218 |main         |JSON data loaded                                                                                            |
11-11-2025 23:16:06|INFO    |229 |main         |all sensors successfully queried                                                                            |
11-11-2025 23:16:06|WARNING |140 |inner        |main ran in 0.02s                                                                                           |
11-11-2025 23:16:51|INFO    |218 |main         |JSON data loaded                                                                                            |
11-11-2025 23:16:51|INFO    |229 |main         |all sensors successfully queried                                                                            |
11-11-2025 23:16:51|WARNING |140 |inner        |main ran in 0.02s                                                                                           |
11-11-2025 23:17:02|INFO    |218 |main         |JSON data loaded                                                                                            |
11-11-2025 23:17:02|WARNING |33  |get_cpu_temps|CPU temps not found                                                                                         |
11-11-2025 23:17:02|INFO    |229 |main         |all sensors successfully queried                                                                            |
11-11-2025 23:17:02|WARNING |140 |inner        |main ran in 0.20s                                                                                           |
