--- Performing Git Pull ---
From github.com-pyonrpi:Landcruiser87/pyonrpi
 * branch            main       -> FETCH_HEAD
Already up to date.
--- Running main.py ---
[11/11/25 16:40:09] INFO     |main         | JSON data loaded                                                                                                                                                                      main.py:214
                    INFO     |main         | all sensors successfully queried                                                                                                                                                      main.py:225
                    WARNING  |inner        | main ran in 0.02s                                                                                                                                                                  support.py:140
--- Changes detected. Committing changes ---
[main c0e068a] Auto update for andy on 2025-11-11 16:40:03
 3 files changed, 90 insertions(+), 9 deletions(-)
--- Pushing to GitHub ---
To github.com-pyonrpi:Landcruiser87/pyonrpi.git
   05a8407..c0e068a  main -> main
branch 'main' set up to track 'origin/main'.
--- Performing Git Pull ---
From github.com-pyonrpi:Landcruiser87/pyonrpi
 * branch            main       -> FETCH_HEAD
Already up to date.
--- Running main.py ---
[11/11/25 16:40:46] INFO     |main         | JSON data loaded                                                                                                                                                                      main.py:214
                    INFO     |main         | all sensors successfully queried                                                                                                                                                      main.py:225
                    WARNING  |inner        | main ran in 0.02s                                                                                                                                                                  support.py:140
--- Changes detected. Committing changes ---
[main 9690ace] Auto update for andy on 2025-11-11 16:40:40
 3 files changed, 32 insertions(+), 3 deletions(-)
--- Pushing to GitHub ---
To github.com-pyonrpi:Landcruiser87/pyonrpi.git
   c0e068a..9690ace  main -> main
branch 'main' set up to track 'origin/main'.
--- Performing Git Pull ---
From github.com-pyonrpi:Landcruiser87/pyonrpi
 * branch            main       -> FETCH_HEAD
Already up to date.
--- Running main.py ---
--- Changes detected. Committing changes ---
